<?xml version="1.0" encoding="UTF-8"?>
<!-- Generated by org.testng.reporters.JUnitXMLReporter -->
<testsuite ignored="0" hostname="Hassan" failures="0" tests="4" name="Default test" time="0.105" errors="0" timestamp="2023-12-01T15:28:56 PKT">
  <testcase classname="TestNG.implementation.Class1" name="test4" time="0.019"/>
  <testcase classname="TestNG.implementation.Class1" name="test3" time="0.001"/>
  <testcase classname="TestNG.implementation.Class1" name="test1" time="0.001"/>
  <testcase classname="TestNG.implementation.Class1" name="test2" time="0.002"/>
</testsuite> <!-- Default test -->
