<?xml version="1.0" encoding="UTF-8"?>
<!-- Generated by org.testng.reporters.JUnitXMLReporter -->
<testsuite ignored="2" hostname="Hassan" failures="0" tests="14" name="Test" time="0.253" errors="0" timestamp="2023-12-01T17:26:36 PKT">
  <testcase classname="TestNG.implementation.Class1" name="test1" time="0.035"/>
  <testcase classname="TestNG.implementation.Class1" name="test2" time="0.003"/>
  <testcase classname="TestNG.implementation.Class1" name="test3" time="0.005"/>
  <testcase classname="TestNG.implementation.Class1" name="test4" time="0.003"/>
  <testcase classname="TestNG.implementation.Class2" name="test5" time="0.005"/>
  <testcase classname="TestNG.implementation.Class2" name="test6" time="0.004"/>
  <testcase classname="TestNG.implementation.Class2" name="test7" time="0.003"/>
  <testcase classname="TestNG.implementation.Class2" name="test8" time="0.004"/>
  <testcase classname="TestNG.implementation.Class3" name="test11" time="0.002"/>
  <testcase classname="TestNG.implementation.Class3" name="test12" time="0.005"/>
  <testcase classname="TestNG.implementation.Class3" name="test14" time="0.003"/>
  <testcase classname="TestNG.implementation.Class3" name="test15" time="0.004"/>
  <testcase classname="TestNG.implementation.Assignment8" name="test4" time="0.003"/>
  <testcase classname="TestNG.implementation.Assignment8" name="test3" time="0.002"/>
  <testcase classname="TestNG.implementation.Assignment8" name="test2" time="0.0">
    <ignored/>
  </testcase> <!-- test2 -->
  <testcase classname="TestNG.implementation.Assignment8" name="test1" time="0.0">
    <ignored/>
  </testcase> <!-- test1 -->
</testsuite> <!-- Test -->
