<?xml version="1.0" encoding="UTF-8"?>
<testng-results ignored="2" total="16" passed="14" failed="0" skipped="0">
  <reporter-output>
  </reporter-output>
  <suite started-at="2023-12-01T17:26:36 PKT" name="Suite" finished-at="2023-12-01T17:26:36 PKT" duration-ms="253">
    <groups>
    </groups>
    <test started-at="2023-12-01T17:26:36 PKT" name="Test" finished-at="2023-12-01T17:26:36 PKT" duration-ms="253">
      <class name="TestNG.implementation.Class1">
        <test-method signature="test1()[pri:0, instance:TestNG.implementation.Class1@32b260fa]" started-at="2023-12-01T17:26:36 PKT" name="test1" finished-at="2023-12-01T17:26:36 PKT" duration-ms="35" status="PASS">
          <reporter-output>
          </reporter-output>
        </test-method> <!-- test1 -->
        <test-method signature="test2()[pri:0, instance:TestNG.implementation.Class1@32b260fa]" started-at="2023-12-01T17:26:36 PKT" name="test2" finished-at="2023-12-01T17:26:36 PKT" duration-ms="3" status="PASS">
          <reporter-output>
          </reporter-output>
        </test-method> <!-- test2 -->
        <test-method signature="test3()[pri:0, instance:TestNG.implementation.Class1@32b260fa]" started-at="2023-12-01T17:26:36 PKT" name="test3" finished-at="2023-12-01T17:26:36 PKT" duration-ms="5" status="PASS">
          <reporter-output>
          </reporter-output>
        </test-method> <!-- test3 -->
        <test-method signature="test4()[pri:0, instance:TestNG.implementation.Class1@32b260fa]" started-at="2023-12-01T17:26:36 PKT" name="test4" finished-at="2023-12-01T17:26:36 PKT" duration-ms="3" status="PASS">
          <reporter-output>
          </reporter-output>
        </test-method> <!-- test4 -->
      </class> <!-- TestNG.implementation.Class1 -->
      <class name="TestNG.implementation.Class2">
        <test-method signature="test5()[pri:0, instance:TestNG.implementation.Class2@56cdfb3b]" started-at="2023-12-01T17:26:36 PKT" name="test5" finished-at="2023-12-01T17:26:36 PKT" duration-ms="5" status="PASS">
          <reporter-output>
          </reporter-output>
        </test-method> <!-- test5 -->
        <test-method signature="test6()[pri:0, instance:TestNG.implementation.Class2@56cdfb3b]" started-at="2023-12-01T17:26:36 PKT" name="test6" finished-at="2023-12-01T17:26:36 PKT" duration-ms="4" status="PASS">
          <reporter-output>
          </reporter-output>
        </test-method> <!-- test6 -->
        <test-method signature="test7()[pri:0, instance:TestNG.implementation.Class2@56cdfb3b]" started-at="2023-12-01T17:26:36 PKT" name="test7" finished-at="2023-12-01T17:26:36 PKT" duration-ms="3" status="PASS">
          <reporter-output>
          </reporter-output>
        </test-method> <!-- test7 -->
        <test-method signature="test8()[pri:0, instance:TestNG.implementation.Class2@56cdfb3b]" started-at="2023-12-01T17:26:36 PKT" name="test8" finished-at="2023-12-01T17:26:36 PKT" duration-ms="4" status="PASS">
          <reporter-output>
          </reporter-output>
        </test-method> <!-- test8 -->
      </class> <!-- TestNG.implementation.Class2 -->
      <class name="TestNG.implementation.Class3">
        <test-method signature="test11()[pri:0, instance:TestNG.implementation.Class3@2b91004a]" started-at="2023-12-01T17:26:36 PKT" name="test11" finished-at="2023-12-01T17:26:36 PKT" duration-ms="2" status="PASS">
          <reporter-output>
          </reporter-output>
        </test-method> <!-- test11 -->
        <test-method signature="test12()[pri:0, instance:TestNG.implementation.Class3@2b91004a]" started-at="2023-12-01T17:26:36 PKT" name="test12" finished-at="2023-12-01T17:26:36 PKT" duration-ms="5" status="PASS">
          <reporter-output>
          </reporter-output>
        </test-method> <!-- test12 -->
        <test-method signature="test14()[pri:0, instance:TestNG.implementation.Class3@2b91004a]" started-at="2023-12-01T17:26:36 PKT" name="test14" finished-at="2023-12-01T17:26:36 PKT" duration-ms="3" status="PASS">
          <reporter-output>
          </reporter-output>
        </test-method> <!-- test14 -->
        <test-method signature="test15()[pri:0, instance:TestNG.implementation.Class3@2b91004a]" started-at="2023-12-01T17:26:36 PKT" name="test15" finished-at="2023-12-01T17:26:36 PKT" duration-ms="4" status="PASS">
          <reporter-output>
          </reporter-output>
        </test-method> <!-- test15 -->
      </class> <!-- TestNG.implementation.Class3 -->
      <class name="TestNG.implementation.Assignment8">
        <test-method signature="test4()[pri:2, instance:TestNG.implementation.Assignment8@20ccf40b]" started-at="2023-12-01T17:26:36 PKT" name="test4" finished-at="2023-12-01T17:26:36 PKT" duration-ms="3" status="PASS">
          <reporter-output>
          </reporter-output>
        </test-method> <!-- test4 -->
        <test-method signature="test3()[pri:4, instance:TestNG.implementation.Assignment8@20ccf40b]" started-at="2023-12-01T17:26:36 PKT" name="test3" finished-at="2023-12-01T17:26:36 PKT" duration-ms="2" status="PASS">
          <reporter-output>
          </reporter-output>
        </test-method> <!-- test3 -->
      </class> <!-- TestNG.implementation.Assignment8 -->
    </test> <!-- Test -->
  </suite> <!-- Suite -->
</testng-results>
